RRRPRRRPRRPPPSSSSSSSSSSSSSSSSSSS
RRRPRRRPRRRPRRRPRRRPRRRPRRRPPSSS
RRRPRRRPRRRPRRRPRRRPPPPPPPPPPPPS
RRRPRRRPRRRPRRRPRPPPPSSSSSSSSSSS
RRRPRRRPRRPPPPPPPPPPPPPPPPPPPSSS
RRPPPPPPPPPSSSSSSSSSSSSSSSSSSSSS
RRRPRRRPRRRPRRRPRRRPRRRPRRRPPSSS
RRRPRRRPRRRPRRRPRRRPRRRPPSSSSSSS
RRRPRRRPPPPPPPPPPPSSSSSSSSSSSSSS
RSRPRRRPRRRPRRRPRRRPRPPPSSSSSSSS
RSRPRPPPPPPPPPPPPPPPPPPPPPPPPPPS
RRRPRRRPRRRPRRRPRRRPRRRPRRRPPSSS
RRRPRRRPRRPPSSSSSSSSSSSSSSSSSSSS
RRRPRRRPRRRPRRRPRPPSSSSSSSSSSSSS
RRRPRRRPRRRPRRRPRRRPRRRPRRPPPSSS
RSRPRRRPRRRPRRRPRRRPRPPPPPPPPPPS
RSRPRRRPRRRPRRRPSSSSSSSSSSSSSSSS
RSRPRPPPPPPPPPPPPPPPPPPPPPPSSSSS
RRRPRRRPRRRPRRRPRRRPPPPPPPPPPPPS
RRRPRRRPRRRPRRRPRRRPRRRPRRRPRPPS
RRRPRRRPPPPPPSSSSSSSSSSSSSSSSSSS
RRRPRRPPPPPPPPPPPPPPPPPPSSSSSSSS
RPPPPPPPPPSSSSSSSSSSSSSSSSSSSSSS
RRRPRRRPRRRPRRRPRRRPRRRPPPPPSSSS
RSRPRRRPRRRPRRRPRRRPRPPSSSSSSSSS
RRRPRRPPPPPSSSSSSSSSSSSSSSSSSSSS
RRRPRRRPRRRPRRRPRRPPPPSSSSSSSSSS
RRRPRRPPPPPPPPPPPSSSSSSSSSSSSSSS
RRRPRRRPRRRPRRRPRPPPPPSSSSSSSSSS
RRRPRRRPRRRPRRRPRRRPRRRPRRPPPPSS
RRRPRRRPPPPPPPPSSSSSSSSSSSSSSSSS
RRRPRPPPPPPPPPPPPPPPPPPSSSSSSSSS
RSRPRPPPPPPSSSSSSSSSSSSSSSSSSSSS
RRRPRRRPRRRPRRRPRRRPRRPPPPPPPSSS
RSRPRRRPRRPPPPPPSSSSSSSSSSSSSSSS
RSRPRPPPPPPPPPPPPPPPPPPPPPPPPPSS
RRRPRRPPPPPPPPPPPPPPPPPPSSSSSSSS
RRRPRRRPRRPPPPPPPPPPPPPPPPPPPPPS
RRRPRRRPRRRPRRRPRRRPRPPPPSSSSSSS
RSRPRPPPPPPPPPPPPPPPPPPPPPPPPSSS
RRRPRRRPRRRPRRRPRPPPPPSSSSSSSSSS
RSRPRRRPRRRPRRRPRRRPRRRPRRPPPPSS
RSRPRRRPRRRPRRRPPPPPPPPPPPSSSSSS
RRPPPPPPPPPPPPPPPPPPSSSSSSSSSSSS
RPPPPPPPPSSSSSSSSSSSSSSSSSSSSSSS
RRRPRRRPRRRPRRRPPPPPPPPSSSSSSSSS
RPPPPPPPPPPPPPPPPPPPPPPPPSSSSSSS
RRRPRRRPPPPPPPPPPPPPPPPPPPPPSSSS
RSRPRRRPRRRPRRRPRRRPRRRPRRPPPSSS
RRPPPPPPPPPPPPPPPPPPPPPPPPSSSSSS
